[debug] [2022-02-16T09:08:47.871Z] ----------------------------------------------------------------------
[debug] [2022-02-16T09:08:47.875Z] Command:       C:\Program Files\nodejs\node.exe C:\Users\Ankit Vasita\AppData\Roaming\npm\node_modules\firebase-tools\lib\bin\firebase.js init
[debug] [2022-02-16T09:08:47.875Z] CLI Version:   10.2.0
[debug] [2022-02-16T09:08:47.876Z] Platform:      win32
[debug] [2022-02-16T09:08:47.876Z] Node Version:  v16.13.0
[debug] [2022-02-16T09:08:47.877Z] Time:          Wed Feb 16 2022 14:38:47 GMT+0530 (India Standard Time)
[debug] [2022-02-16T09:08:47.878Z] ----------------------------------------------------------------------
[debug] 
[debug] [2022-02-16T09:08:47.889Z] > command requires scopes: ["email","openid","https://www.googleapis.com/auth/cloudplatformprojects.readonly","https://www.googleapis.com/auth/firebase","https://www.googleapis.com/auth/cloud-platform"]
[debug] [2022-02-16T09:08:47.890Z] > authorizing via signed-in user (vasitaankit97@gmail.com)
[info] 
     ######## #### ########  ######## ########     ###     ######  ########
     ##        ##  ##     ## ##       ##     ##  ##   ##  ##       ##
     ######    ##  ########  ######   ########  #########  ######  ######
     ##        ##  ##    ##  ##       ##     ## ##     ##       ## ##
     ##       #### ##     ## ######## ########  ##     ##  ######  ########

You're about to initialize a Firebase project in this directory:

  C:\Users\Ankit Vasita\React apps\disney-plus-clone-React-Redux-

[info] 
=== Project Setup
[info] 
[info] First, let's associate this project directory with a Firebase project.
[info] You can create multiple project aliases by running firebase use --add, 
[info] but for now we'll just set up a default project.
[info] 
